Sender: LSF System <lsfadmin@n002-ibj>
Subject: Job 718676: <python plotComparisonTimeSerie.py> in cluster <juno> Done

Job <python plotComparisonTimeSerie.py> was submitted from host <login1-ibj> by user <jc11022> in cluster <juno> at Mon Jul 22 14:21:33 2024
Job was executed on host(s) <n002-ibj>, in queue <s_long>, as user <jc11022> in cluster <juno> at Mon Jul 22 14:21:33 2024
</users_home/cmcc/jc11022> was used as the home directory.
</work/cmcc/jc11022/projects/ww3Tools/myBuoytools/scripts> was used as the working directory.
Started at Mon Jul 22 14:21:33 2024
Terminated at Mon Jul 22 14:21:43 2024
Results reported at Mon Jul 22 14:21:43 2024

Your job looked like:

------------------------------------------------------------
# LSBATCH: User input
python plotComparisonTimeSerie.py
------------------------------------------------------------

Successfully completed.

Resource usage summary:

    CPU time :                                   5.04 sec.
    Max Memory :                                 147 MB
    Average Memory :                             118.25 MB
    Total Requested Memory :                     5120.00 MB
    Delta Memory :                               4973.00 MB
    Max Swap :                                   -
    Max Processes :                              3
    Max Threads :                                4
    Run time :                                   16 sec.
    Turnaround time :                            10 sec.

The output (if any) follows:

Saved as /work/cmcc/jc11022/projects/ww3Tools/myBuoytools/figs/ww3xbuoy_expb2_143_fct.png


PS:

Read file <log.err> for stderr output of this job.

